<?xml version="1.0" encoding="UTF-8"?>
<testsuite name="inkball.AppTest" tests="22" skipped="0" failures="0" errors="0" timestamp="2025-05-08T04:00:50.877Z" hostname="Parass-MacBook-Pro.local" time="0.464">
  <properties/>
  <testcase name="testTogglePause()" classname="inkball.AppTest" time="0.018"/>
  <testcase name="testCheckLevelCompletion()" classname="inkball.AppTest" time="0.007"/>
  <testcase name="testMousePressedAndReleased()" classname="inkball.AppTest" time="0.002"/>
  <testcase name="testMouseRightClickRemoveLine()" classname="inkball.AppTest" time="0.001"/>
  <testcase name="testballsToSpawn()" classname="inkball.AppTest" time="0.003"/>
  <testcase name="testScoreDisplay()" classname="inkball.AppTest" time="0.381"/>
  <testcase name="testSpawnIntervalCounterModifier()" classname="inkball.AppTest" time="0.0"/>
  <testcase name="testEndedStateDisplay()" classname="inkball.AppTest" time="0.01"/>
  <testcase name="testSetupLevel()" classname="inkball.AppTest" time="0.001"/>
  <testcase name="testDisplayGameEndMessage()" classname="inkball.AppTest" time="0.0"/>
  <testcase name="testLevelCompletion()" classname="inkball.AppTest" time="0.0"/>
  <testcase name="testSpawnBallFromSpawner()" classname="inkball.AppTest" time="0.001"/>
  <testcase name="testDrawBoard()" classname="inkball.AppTest" time="0.011"/>
  <testcase name="testBallMovement()" classname="inkball.AppTest" time="0.002"/>
  <testcase name="testRestartLevelR()" classname="inkball.AppTest" time="0.001"/>
  <testcase name="testBallMovement1()" classname="inkball.AppTest" time="0.002"/>
  <testcase name="testTimeReached()" classname="inkball.AppTest" time="0.001"/>
  <testcase name="testDisplayUpcomingBalls()" classname="inkball.AppTest" time="0.001"/>
  <testcase name="testFrameRate()" classname="inkball.AppTest" time="0.009"/>
  <testcase name="testMouseDragToDrawLine()" classname="inkball.AppTest" time="0.001"/>
  <testcase name="testPausedStateDisplay()" classname="inkball.AppTest" time="0.005"/>
  <testcase name="testnewLevel()" classname="inkball.AppTest" time="0.0"/>
  <system-out><![CDATA[Game Paused
Game Unpaused
New wall added 4at17 0
New wall added 4at1 1
 x 8 y 1 type: 1
New wall added 4at16 1
New wall added 4at2 2
New wall added 4at15 2
New wall added 4at3 3
New wall added 4at14 3
New wall added 4at4 4
New wall added 4at13 4
New wall added 4at5 5
New wall added 4at12 5
 x 15 y 7 type: 0
New wall added 4at5 12
New wall added 4at12 12
New wall added 4at4 13
New wall added 4at13 13
New wall added 4at3 14
New wall added 4at14 14
New wall added 4at2 15
 x 9 y 15 type: 2
New wall added 4at15 15
New wall added 4at1 16
New wall added 4at16 16
New wall added 4at17 17
New wall added 2at7 0
New wall added 2at8 0
New wall added 2at9 0
Board loaded successfully
New wall added 2at10 0
 x 15 y 1 type: 0
New wall added 4at17 0
New wall added 4at1 1
 x 8 y 1 type: 1
New wall added 4at16 1
New wall added 4at2 2
New wall added 4at15 2
New wall added 4at3 3
New wall added 4at14 3
New wall added 4at4 4
New wall added 4at13 4
New wall added 4at5 5
New wall added 4at12 5
 x 15 y 7 type: 0
 x 11 y 6 type: 1
New wall added 4at5 12
New wall added 4at12 12
New wall added 4at4 13
New wall added 4at13 13
New wall added 4at3 14
New wall added 4at14 14
New wall added 4at2 15
 x 11 y 9 type: 2
 x 9 y 15 type: 2
New wall added 2at10 15
New wall added 4at15 15
New wall added 4at1 16
 x 15 y 15 type: 0
New wall added 4at16 16
New wall added 1at7 17
New wall added 1at8 17
New wall added 1at9 17
New wall added 1at10 17
New wall added 4at17 17
New wall added 2at7 0
New wall added 2at8 0
New wall added 2at9 0
New wall added 2at10 0
 x 15 y 1 type: 0
 x 11 y 6 type: 1
 x 11 y 9 type: 2
 x 15 y 15 type: 0
New wall added 1at7 17
New wall added 1at8 17
New wall added 1at9 17
New wall added 1at10 17
Spawning ball of type blue at 192, 480
[blue, orange, grey, blue, green, yellow]
[blue, orange, grey, blue, green, yellow]
New wall added 2at7 0
New wall added 2at8 0
New wall added 2at9 0
New wall added 2at10 0
 x 15 y 1 type: 0
 x 11 y 6 type: 1
 x 11 y 9 type: 2
 x 15 y 15 type: 0
New wall added 1at7 17
New wall added 1at8 17
New wall added 1at9 17
New wall added 1at10 17
New wall added 4at17 0
New wall added 4at1 1
 x 8 y 1 type: 1
New wall added 4at16 1
New wall added 4at2 2
New wall added 4at15 2
New wall added 4at3 3
New wall added 4at14 3
New wall added 4at4 4
New wall added 4at13 4
New wall added 4at5 5
New wall added 4at12 5
 x 15 y 7 type: 0
New wall added 4at5 12
New wall added 4at12 12
New wall added 4at4 13
New wall added 4at13 13
New wall added 4at3 14
New wall added 4at14 14
New wall added 4at2 15
 x 9 y 15 type: 2
New wall added 4at15 15
New wall added 4at1 16
New wall added 4at16 16
New wall added 4at17 17
Board loaded successfully
New wall added 4at17 0
New wall added 4at1 1
 x 8 y 1 type: 1
New wall added 4at16 1
New wall added 4at2 2
New wall added 4at15 2
New wall added 4at3 3
New wall added 4at14 3
New wall added 4at4 4
New wall added 4at13 4
New wall added 4at5 5
New wall added 4at12 5
 x 15 y 7 type: 0
New wall added 4at5 12
New wall added 4at12 12
New wall added 4at4 13
New wall added 4at13 13
New wall added 4at3 14
New wall added 4at14 14
New wall added 4at2 15
 x 9 y 15 type: 2
New wall added 4at15 15
New wall added 4at1 16
New wall added 4at16 16
New wall added 4at17 17
Spawning ball of type orange at 96, 288
Spawning ball of type blue at 448, 384
[green, grey, grey, blue, yellow, orange, blue, grey]
[green, grey, grey, blue, yellow, orange, blue, grey]
[green, grey, grey, blue, yellow, orange, blue, grey]
New wall added 4at17 0
New wall added 4at1 1
 x 8 y 1 type: 1
New wall added 4at16 1
New wall added 4at2 2
New wall added 4at15 2
New wall added 4at3 3
New wall added 4at14 3
New wall added 4at4 4
New wall added 4at13 4
New wall added 4at5 5
New wall added 4at12 5
 x 15 y 7 type: 0
New wall added 4at5 12
New wall added 4at12 12
New wall added 4at4 13
New wall added 4at13 13
New wall added 4at3 14
New wall added 4at14 14
New wall added 4at2 15
 x 9 y 15 type: 2
New wall added 4at15 15
New wall added 4at1 16
New wall added 4at16 16
New wall added 4at17 17
New wall added 4at17 0
New wall added 4at1 1
 x 8 y 1 type: 1
New wall added 4at16 1
New wall added 4at2 2
New wall added 4at15 2
New wall added 4at3 3
New wall added 4at14 3
New wall added 4at4 4
New wall added 4at13 4
New wall added 4at5 5
New wall added 4at12 5
 x 15 y 7 type: 0
New wall added 4at5 12
New wall added 4at12 12
New wall added 4at4 13
New wall added 4at13 13
New wall added 4at3 14
New wall added 4at14 14
New wall added 4at2 15
 x 9 y 15 type: 2
New wall added 4at15 15
New wall added 4at1 16
New wall added 4at16 16
New wall added 4at17 17
[green, grey, grey, blue, yellow, orange, blue, grey]
[green, grey, grey, blue, yellow, orange, blue, grey]
New wall added 2at7 0
New wall added 2at8 0
New wall added 2at9 0
New wall added 2at10 0
 x 15 y 1 type: 0
 x 11 y 6 type: 1
 x 11 y 9 type: 2
 x 15 y 15 type: 0
New wall added 1at7 17
New wall added 1at8 17
New wall added 1at9 17
New wall added 1at10 17
Board loaded successfully
New wall added 4at17 0
New wall added 4at1 1
 x 8 y 1 type: 1
New wall added 4at16 1
New wall added 4at2 2
New wall added 4at15 2
New wall added 4at3 3
New wall added 4at14 3
New wall added 4at4 4
New wall added 4at13 4
New wall added 4at5 5
New wall added 4at12 5
 x 15 y 7 type: 0
New wall added 4at5 12
New wall added 4at12 12
New wall added 4at4 13
New wall added 4at13 13
New wall added 4at3 14
New wall added 4at14 14
New wall added 4at2 15
 x 9 y 15 type: 2
New wall added 4at15 15
New wall added 4at1 16
New wall added 4at16 16
New wall added 4at17 17
Spawning ball of type orange at 96, 288
Spawning ball of type blue at 448, 384
]]></system-out>
  <system-err><![CDATA[Warning: the fonts "Times" and "Lucida Bright" are not available for the Java logical font "Serif", which may have unexpected appearance or behavior. Re-enable the "Times" font to remove this warning.
Warning: the fonts "Times" and "Lucida Bright" are not available for the Java logical font "Serif", which may have unexpected appearance or behavior. Re-enable the "Times" font to remove this warning.
Warning: the fonts "Times" and "Lucida Bright" are not available for the Java logical font "Serif", which may have unexpected appearance or behavior. Re-enable the "Times" font to remove this warning.
Warning: the fonts "Times" and "Lucida Bright" are not available for the Java logical font "Serif", which may have unexpected appearance or behavior. Re-enable the "Times" font to remove this warning.
java.lang.NullPointerException
	at processing.core.PGraphics.image(PGraphics.java:3770)
	at processing.core.PApplet.image(PApplet.java:12611)
	at inkball.App.drawBoard(App.java:624)
	at inkball.App.draw(App.java:419)
	at processing.core.PApplet.handleDraw(PApplet.java:2426)
	at processing.awt.PSurfaceAWT$12.callDraw(PSurfaceAWT.java:1557)
	at processing.core.PSurfaceNone$AnimationThread.run(PSurfaceNone.java:316)
]]></system-err>
</testsuite>
